TN:
SF:/Users/tony/hb-app/node-api/application/user.js
FN:5,(anonymous_0)
FN:6,(anonymous_1)
FNF:2
FNH:1
FNDA:5,(anonymous_0)
FNDA:0,(anonymous_1)
DA:1,3
DA:2,3
DA:4,3
DA:5,5
DA:6,0
DA:9,3
LF:6
LH:5
BRF:0
BRH:0
end_of_record
TN:
SF:/Users/tony/hb-app/node-api/domain/user.js
FN:1,(anonymous_0)
FN:1,(anonymous_1)
FN:2,(anonymous_2)
FN:2,(anonymous_3)
FNF:4
FNH:2
FNDA:6,(anonymous_0)
FNDA:6,(anonymous_1)
FNDA:0,(anonymous_2)
FNDA:0,(anonymous_3)
DA:1,6
DA:2,4
DA:4,4
LF:3
LH:3
BRF:0
BRH:0
end_of_record
TN:
SF:/Users/tony/hb-app/node-api/infrastructure/db/mongoose.js
FN:3,(anonymous_0)
FN:4,(anonymous_1)
FN:13,(anonymous_2)
FN:20,(anonymous_3)
FNF:4
FNH:4
FNDA:2,(anonymous_0)
FNDA:2,(anonymous_1)
FNDA:2,(anonymous_2)
FNDA:2,(anonymous_3)
DA:1,2
DA:3,2
DA:4,2
DA:5,2
DA:6,0
DA:9,2
DA:10,2
DA:11,2
DA:13,2
DA:14,2
DA:15,2
DA:20,2
DA:22,2
LF:13
LH:12
BRDA:5,0,0,0
BRDA:5,0,1,2
BRF:2
BRH:1
end_of_record
TN:
SF:/Users/tony/hb-app/node-api/infrastructure/db/models/user.js
FNF:0
FNH:0
DA:1,4
DA:3,4
DA:23,4
DA:24,4
LF:4
LH:4
BRF:0
BRH:0
end_of_record
TN:
SF:/Users/tony/hb-app/node-api/infrastructure/repositories/user.js
FN:3,(anonymous_0)
FN:13,(anonymous_1)
FN:23,(anonymous_2)
FNF:3
FNH:2
FNDA:6,(anonymous_0)
FNDA:0,(anonymous_1)
FNDA:2,(anonymous_2)
DA:1,4
DA:3,4
DA:4,6
DA:5,6
DA:6,3
DA:8,3
DA:9,3
DA:13,4
DA:14,0
DA:15,0
DA:16,0
DA:18,0
DA:19,0
DA:23,4
DA:25,4
LF:15
LH:10
BRF:0
BRH:0
end_of_record
TN:
SF:/Users/tony/hb-app/node-api/interface/http/routes/index.js
FN:6,(anonymous_0)
FNF:1
FNH:1
FNDA:1,(anonymous_0)
DA:1,2
DA:2,2
DA:4,2
DA:6,2
DA:7,2
DA:9,2
LF:6
LH:6
BRF:0
BRH:0
end_of_record
TN:
SF:/Users/tony/hb-app/node-api/interface/http/routes/user.js
FN:5,(anonymous_0)
FN:14,(anonymous_1)
FNF:2
FNH:1
FNDA:4,(anonymous_0)
FNDA:0,(anonymous_1)
DA:1,2
DA:2,2
DA:3,2
DA:5,2
DA:6,4
DA:7,4
DA:8,2
DA:10,2
DA:14,2
DA:15,0
DA:16,0
DA:17,0
DA:19,0
DA:23,2
LF:14
LH:10
BRF:0
BRH:0
end_of_record
